<?xml version="1.0" encoding="UTF-8"?>
<robot generator="Robot 4.1.3 (Python 3.10.1 on win32)" generated="20220323 00:28:07.782" rpa="false" schemaversion="2">
<suite id="s1" name="Searchflightnumber" source="C:\Users\USER\Documents\FlightAPP\searchflightnumber.robot">
<kw name="Open Flight Application" type="SETUP">
<kw name="Open Application" library="AppiumLibrary">
<arg>${REMOTE_URL}</arg>
<arg>platformName=${PLATFORM_NAME}</arg>
<arg>platformVersion=${PLATFORM_VERSION}</arg>
<arg>deviceName=${DEVICE_NAME}</arg>
<arg>appPackage=${APP_PACKAGE}</arg>
<arg>appActivity=${APP_ACTIVITY}</arg>
<doc>Opens a new application to given Appium server.
Capabilities of appium server, Android and iOS,
Please check https://github.com/appium/appium/blob/master/docs/en/writing-running-appium/server-args.md
| *Option*            | *Man.* | *Description*     |
| remote_url          | Yes    | Appium server url |
| alias               | no     | alias             |</doc>
<status status="PASS" starttime="20220323 00:28:08.076" endtime="20220323 00:28:24.313"/>
</kw>
<status status="PASS" starttime="20220323 00:28:08.075" endtime="20220323 00:28:24.313"/>
</kw>
<test id="s1-t1" name="User Should be able to search a flight">
<kw name="Login with valid username and password" library="login">
<kw name="Click Login Button" library="login">
<kw name="Click Element" library="AppiumLibrary">
<arg>id=com.example.myapplication:id/login</arg>
<doc>Click element identified by `locator`.</doc>
<msg timestamp="20220323 00:28:24.322" level="INFO">Clicking element 'id=com.example.myapplication:id/login'.</msg>
<status status="PASS" starttime="20220323 00:28:24.316" endtime="20220323 00:28:25.355"/>
</kw>
<status status="PASS" starttime="20220323 00:28:24.316" endtime="20220323 00:28:25.355"/>
</kw>
<kw name="Wait Element Input Username and Password" library="login">
<kw name="Wait Until Element Is Visible" library="AppiumLibrary">
<arg>id=com.example.myapplication:id/username</arg>
<doc>Waits until element specified with `locator` is visible.</doc>
<status status="PASS" starttime="20220323 00:28:25.356" endtime="20220323 00:28:28.232"/>
</kw>
<status status="PASS" starttime="20220323 00:28:25.356" endtime="20220323 00:28:28.233"/>
</kw>
<kw name="Input Username" library="login">
<arg>username=support@ngendigital.com</arg>
<kw name="Input Text" library="AppiumLibrary">
<arg>id=com.example.myapplication:id/username</arg>
<arg>${username}</arg>
<doc>Types the given `text` into text field identified by `locator`.</doc>
<msg timestamp="20220323 00:28:28.238" level="INFO">Typing text 'support@ngendigital.com' into text field 'id=com.example.myapplication:id/username'</msg>
<status status="PASS" starttime="20220323 00:28:28.234" endtime="20220323 00:28:28.402"/>
</kw>
<status status="PASS" starttime="20220323 00:28:28.233" endtime="20220323 00:28:28.403"/>
</kw>
<kw name="Input Password" library="login">
<arg>password=abc123</arg>
<kw name="Input Text" library="AppiumLibrary">
<arg>id=com.example.myapplication:id/password</arg>
<arg>${password}</arg>
<doc>Types the given `text` into text field identified by `locator`.</doc>
<msg timestamp="20220323 00:28:28.409" level="INFO">Typing text 'abc123' into text field 'id=com.example.myapplication:id/password'</msg>
<status status="PASS" starttime="20220323 00:28:28.404" endtime="20220323 00:28:28.999"/>
</kw>
<status status="PASS" starttime="20220323 00:28:28.403" endtime="20220323 00:28:29.000"/>
</kw>
<kw name="Click Sighin Button" library="login">
<kw name="Click Element" library="AppiumLibrary">
<arg>id=com.example.myapplication:id/signIn</arg>
<doc>Click element identified by `locator`.</doc>
<msg timestamp="20220323 00:28:29.006" level="INFO">Clicking element 'id=com.example.myapplication:id/signIn'.</msg>
<status status="PASS" starttime="20220323 00:28:29.001" endtime="20220323 00:28:29.583"/>
</kw>
<status status="PASS" starttime="20220323 00:28:29.000" endtime="20220323 00:28:29.583"/>
</kw>
<kw name="Verify Login Passed" library="login">
<kw name="Wait Until Page Contains Element" library="AppiumLibrary">
<arg>id=com.example.myapplication:id/textView</arg>
<doc>Waits until element specified with `locator` appears on current page.</doc>
<status status="PASS" starttime="20220323 00:28:29.584" endtime="20220323 00:28:31.232"/>
</kw>
<status status="PASS" starttime="20220323 00:28:29.583" endtime="20220323 00:28:31.232"/>
</kw>
<status status="PASS" starttime="20220323 00:28:24.315" endtime="20220323 00:28:31.232"/>
</kw>
<kw name="Click search button" library="header">
<kw name="Click search button on home page" library="header">
<kw name="Click Element" library="AppiumLibrary">
<arg>id=com.example.myapplication:id/search_flight</arg>
<doc>Click element identified by `locator`.</doc>
<msg timestamp="20220323 00:28:31.238" level="INFO">Clicking element 'id=com.example.myapplication:id/search_flight'.</msg>
<status status="PASS" starttime="20220323 00:28:31.234" endtime="20220323 00:28:31.413"/>
</kw>
<kw name="Wait Until Page Contains Element" library="AppiumLibrary">
<arg>id=com.example.myapplication:id/enterFlight</arg>
<doc>Waits until element specified with `locator` appears on current page.</doc>
<status status="PASS" starttime="20220323 00:28:31.414" endtime="20220323 00:28:34.254"/>
</kw>
<status status="PASS" starttime="20220323 00:28:31.234" endtime="20220323 00:28:34.255"/>
</kw>
<status status="PASS" starttime="20220323 00:28:31.233" endtime="20220323 00:28:34.255"/>
</kw>
<kw name="Input flight number">
<arg>flight_number=DA935</arg>
<kw name="Input Text" library="AppiumLibrary">
<arg>id=com.example.myapplication:id/flight_number</arg>
<arg>${flight_number}</arg>
<doc>Types the given `text` into text field identified by `locator`.</doc>
<msg timestamp="20220323 00:28:34.262" level="INFO">Typing text 'DA935' into text field 'id=com.example.myapplication:id/flight_number'</msg>
<status status="PASS" starttime="20220323 00:28:34.257" endtime="20220323 00:28:34.933"/>
</kw>
<status status="PASS" starttime="20220323 00:28:34.256" endtime="20220323 00:28:34.934"/>
</kw>
<kw name="Click search button on search page">
<kw name="Click Element" library="AppiumLibrary">
<arg>id=com.example.myapplication:id/searchFlight</arg>
<doc>Click element identified by `locator`.</doc>
<msg timestamp="20220323 00:28:34.940" level="INFO">Clicking element 'id=com.example.myapplication:id/searchFlight'.</msg>
<status status="PASS" starttime="20220323 00:28:34.935" endtime="20220323 00:28:35.503"/>
</kw>
<status status="PASS" starttime="20220323 00:28:34.934" endtime="20220323 00:28:35.503"/>
</kw>
<kw name="Verify flight number is correct">
<arg>verify=DA 935</arg>
<kw name="Wait Until Page Contains Element" library="AppiumLibrary">
<arg>xpath=//*[@text="${verify}"]</arg>
<doc>Waits until element specified with `locator` appears on current page.</doc>
<status status="PASS" starttime="20220323 00:28:35.505" endtime="20220323 00:28:37.790"/>
</kw>
<status status="PASS" starttime="20220323 00:28:35.504" endtime="20220323 00:28:37.790"/>
</kw>
<status status="PASS" starttime="20220323 00:28:24.314" endtime="20220323 00:28:37.791"/>
</test>
<kw name="Close Application" library="AppiumLibrary" type="TEARDOWN">
<doc>Closes the current application and also close webdriver session.</doc>
<status status="PASS" starttime="20220323 00:28:37.793" endtime="20220323 00:28:38.277"/>
</kw>
<doc>Search test cases</doc>
<status status="PASS" starttime="20220323 00:28:07.785" endtime="20220323 00:28:38.277"/>
</suite>
<statistics>
<total>
<stat pass="1" fail="0" skip="0">All Tests</stat>
</total>
<tag>
</tag>
<suite>
<stat pass="1" fail="0" skip="0" id="s1" name="Searchflightnumber">Searchflightnumber</stat>
</suite>
</statistics>
<errors>
</errors>
</robot>
