<?xml version="1.0" encoding="UTF-8"?>
<robot generator="Robot 4.1.3 (Python 3.10.1 on win32)" generated="20220320 21:28:51.204" rpa="false" schemaversion="2">
<suite id="s1" name="Flightapp" source="C:\Users\USER\Documents\FlightAPP\flightapp.robot">
<kw name="Open Flight Application" type="SETUP">
<kw name="Open Application" library="AppiumLibrary">
<arg>${REMOTE_URL}</arg>
<arg>platformName=${PLATFORM_NAME}</arg>
<arg>platformVersion=${PLATFORM_VERSION}</arg>
<arg>deviceName=${DEVICE_NAME}</arg>
<arg>appPackage=${APP_PACKAGE}</arg>
<arg>appActivity=${APP_ACTIVITY}</arg>
<doc>Opens a new application to given Appium server.
Capabilities of appium server, Android and iOS,
Please check https://github.com/appium/appium/blob/master/docs/en/writing-running-appium/server-args.md
| *Option*            | *Man.* | *Description*     |
| remote_url          | Yes    | Appium server url |
| alias               | no     | alias             |</doc>
<status status="PASS" starttime="20220320 21:28:51.591" endtime="20220320 21:29:08.670"/>
</kw>
<status status="PASS" starttime="20220320 21:28:51.590" endtime="20220320 21:29:08.671"/>
</kw>
<test id="s1-t1" name="Login using valid username and password">
<kw name="Open Flight Application">
<kw name="Open Application" library="AppiumLibrary">
<arg>${REMOTE_URL}</arg>
<arg>platformName=${PLATFORM_NAME}</arg>
<arg>platformVersion=${PLATFORM_VERSION}</arg>
<arg>deviceName=${DEVICE_NAME}</arg>
<arg>appPackage=${APP_PACKAGE}</arg>
<arg>appActivity=${APP_ACTIVITY}</arg>
<doc>Opens a new application to given Appium server.
Capabilities of appium server, Android and iOS,
Please check https://github.com/appium/appium/blob/master/docs/en/writing-running-appium/server-args.md
| *Option*            | *Man.* | *Description*     |
| remote_url          | Yes    | Appium server url |
| alias               | no     | alias             |</doc>
<status status="PASS" starttime="20220320 21:29:08.677" endtime="20220320 21:29:28.391"/>
</kw>
<status status="PASS" starttime="20220320 21:29:08.677" endtime="20220320 21:29:28.392"/>
</kw>
<kw name="Click Login Button">
<kw name="Click Element" library="AppiumLibrary">
<arg>id=com.example.myapplication:id/login</arg>
<doc>Click element identified by `locator`.</doc>
<msg timestamp="20220320 21:29:28.398" level="INFO">Clicking element 'id=com.example.myapplication:id/login'.</msg>
<status status="PASS" starttime="20220320 21:29:28.393" endtime="20220320 21:29:29.416"/>
</kw>
<status status="PASS" starttime="20220320 21:29:28.393" endtime="20220320 21:29:29.417"/>
</kw>
<kw name="Wait Element Input Username and Password">
<kw name="Wait Until Element Is Visible" library="AppiumLibrary">
<arg>id=com.example.myapplication:id/username</arg>
<doc>Waits until element specified with `locator` is visible.</doc>
<status status="PASS" starttime="20220320 21:29:29.421" endtime="20220320 21:29:32.580"/>
</kw>
<status status="PASS" starttime="20220320 21:29:29.421" endtime="20220320 21:29:32.580"/>
</kw>
<kw name="Input Username">
<arg>username=support@ngendigital.com</arg>
<kw name="Input Text" library="AppiumLibrary">
<arg>id=com.example.myapplication:id/username</arg>
<arg>${username}</arg>
<doc>Types the given `text` into text field identified by `locator`.</doc>
<msg timestamp="20220320 21:29:32.586" level="INFO">Typing text 'support@ngendigital.com' into text field 'id=com.example.myapplication:id/username'</msg>
<status status="PASS" starttime="20220320 21:29:32.582" endtime="20220320 21:29:32.777"/>
</kw>
<status status="PASS" starttime="20220320 21:29:32.581" endtime="20220320 21:29:32.777"/>
</kw>
<kw name="Input Password">
<arg>password=abc123</arg>
<kw name="Input Text" library="AppiumLibrary">
<arg>id=com.example.myapplication:id/password</arg>
<arg>${password}</arg>
<doc>Types the given `text` into text field identified by `locator`.</doc>
<msg timestamp="20220320 21:29:32.784" level="INFO">Typing text 'abc123' into text field 'id=com.example.myapplication:id/password'</msg>
<status status="PASS" starttime="20220320 21:29:32.779" endtime="20220320 21:29:33.402"/>
</kw>
<status status="PASS" starttime="20220320 21:29:32.778" endtime="20220320 21:29:33.402"/>
</kw>
<kw name="Click Sighin Button">
<kw name="Click Element" library="AppiumLibrary">
<arg>id=com.example.myapplication:id/signIn</arg>
<doc>Click element identified by `locator`.</doc>
<msg timestamp="20220320 21:29:33.408" level="INFO">Clicking element 'id=com.example.myapplication:id/signIn'.</msg>
<status status="PASS" starttime="20220320 21:29:33.404" endtime="20220320 21:29:33.980"/>
</kw>
<status status="PASS" starttime="20220320 21:29:33.403" endtime="20220320 21:29:33.980"/>
</kw>
<kw name="Verify Login Passed">
<kw name="Wait Until Element Is Visible" library="AppiumLibrary">
<arg>id=com.example.myapplication:id/textView</arg>
<doc>Waits until element specified with `locator` is visible.</doc>
<status status="PASS" starttime="20220320 21:29:33.982" endtime="20220320 21:29:35.698"/>
</kw>
<status status="PASS" starttime="20220320 21:29:33.981" endtime="20220320 21:29:35.698"/>
</kw>
<status status="PASS" starttime="20220320 21:29:08.671" endtime="20220320 21:29:35.699"/>
</test>
<test id="s1-t2" name="Login using invalid username">
<kw name="Open Flight Application">
<kw name="Open Application" library="AppiumLibrary">
<arg>${REMOTE_URL}</arg>
<arg>platformName=${PLATFORM_NAME}</arg>
<arg>platformVersion=${PLATFORM_VERSION}</arg>
<arg>deviceName=${DEVICE_NAME}</arg>
<arg>appPackage=${APP_PACKAGE}</arg>
<arg>appActivity=${APP_ACTIVITY}</arg>
<doc>Opens a new application to given Appium server.
Capabilities of appium server, Android and iOS,
Please check https://github.com/appium/appium/blob/master/docs/en/writing-running-appium/server-args.md
| *Option*            | *Man.* | *Description*     |
| remote_url          | Yes    | Appium server url |
| alias               | no     | alias             |</doc>
<status status="PASS" starttime="20220320 21:29:35.702" endtime="20220320 21:29:54.283"/>
</kw>
<status status="PASS" starttime="20220320 21:29:35.702" endtime="20220320 21:29:54.283"/>
</kw>
<kw name="Click Login Button">
<kw name="Click Element" library="AppiumLibrary">
<arg>id=com.example.myapplication:id/login</arg>
<doc>Click element identified by `locator`.</doc>
<msg timestamp="20220320 21:29:54.288" level="INFO">Clicking element 'id=com.example.myapplication:id/login'.</msg>
<status status="PASS" starttime="20220320 21:29:54.285" endtime="20220320 21:29:55.175"/>
</kw>
<status status="PASS" starttime="20220320 21:29:54.284" endtime="20220320 21:29:55.175"/>
</kw>
<kw name="Wait Element Input Username and Password">
<kw name="Wait Until Element Is Visible" library="AppiumLibrary">
<arg>id=com.example.myapplication:id/username</arg>
<doc>Waits until element specified with `locator` is visible.</doc>
<status status="PASS" starttime="20220320 21:29:55.177" endtime="20220320 21:29:58.013"/>
</kw>
<status status="PASS" starttime="20220320 21:29:55.176" endtime="20220320 21:29:58.013"/>
</kw>
<kw name="Input Username">
<arg>username=support@digital.com</arg>
<kw name="Input Text" library="AppiumLibrary">
<arg>id=com.example.myapplication:id/username</arg>
<arg>${username}</arg>
<doc>Types the given `text` into text field identified by `locator`.</doc>
<msg timestamp="20220320 21:29:58.018" level="INFO">Typing text 'support@digital.com' into text field 'id=com.example.myapplication:id/username'</msg>
<status status="PASS" starttime="20220320 21:29:58.014" endtime="20220320 21:29:58.182"/>
</kw>
<status status="PASS" starttime="20220320 21:29:58.014" endtime="20220320 21:29:58.182"/>
</kw>
<kw name="Input Password">
<arg>password=abc123</arg>
<kw name="Input Text" library="AppiumLibrary">
<arg>id=com.example.myapplication:id/password</arg>
<arg>${password}</arg>
<doc>Types the given `text` into text field identified by `locator`.</doc>
<msg timestamp="20220320 21:29:58.189" level="INFO">Typing text 'abc123' into text field 'id=com.example.myapplication:id/password'</msg>
<status status="PASS" starttime="20220320 21:29:58.184" endtime="20220320 21:29:58.786"/>
</kw>
<status status="PASS" starttime="20220320 21:29:58.183" endtime="20220320 21:29:58.786"/>
</kw>
<kw name="Click Sighin Button">
<kw name="Click Element" library="AppiumLibrary">
<arg>id=com.example.myapplication:id/signIn</arg>
<doc>Click element identified by `locator`.</doc>
<msg timestamp="20220320 21:29:58.794" level="INFO">Clicking element 'id=com.example.myapplication:id/signIn'.</msg>
<status status="PASS" starttime="20220320 21:29:58.788" endtime="20220320 21:29:59.364"/>
</kw>
<status status="PASS" starttime="20220320 21:29:58.787" endtime="20220320 21:29:59.364"/>
</kw>
<kw name="Verify Login Failed">
<kw name="Page Should Contain Text" library="AppiumLibrary">
<arg>Invalid username/password</arg>
<doc>Verifies that current page contains `text`.</doc>
<msg timestamp="20220320 21:29:59.760" level="INFO">Current page contains text 'Invalid username/password'.</msg>
<status status="PASS" starttime="20220320 21:29:59.365" endtime="20220320 21:29:59.760"/>
</kw>
<status status="PASS" starttime="20220320 21:29:59.365" endtime="20220320 21:29:59.761"/>
</kw>
<status status="PASS" starttime="20220320 21:29:35.701" endtime="20220320 21:29:59.761"/>
</test>
<kw name="Close Application" library="AppiumLibrary" type="TEARDOWN">
<doc>Closes the current application and also close webdriver session.</doc>
<status status="PASS" starttime="20220320 21:29:59.764" endtime="20220320 21:30:00.373"/>
</kw>
<doc>Sign in test cases</doc>
<status status="PASS" starttime="20220320 21:28:51.206" endtime="20220320 21:30:00.374"/>
</suite>
<statistics>
<total>
<stat pass="2" fail="0" skip="0">All Tests</stat>
</total>
<tag>
</tag>
<suite>
<stat pass="2" fail="0" skip="0" id="s1" name="Flightapp">Flightapp</stat>
</suite>
</statistics>
<errors>
</errors>
</robot>
